<?xml version="1.0" encoding="UTF-8"?>
<testsuite name="VisaConfirm Test"
           tests="3"
           failures="0"
           errors="0"
           skipped="0"
           time="4.725">
  <properties />
  
  
            <testcase name="aChileanComingToTheUKForWorkAndPlansOnStayingForLongerThanSixMonths" time="2.068" classname="gov.uk.check.visa.testsuite.VisaConfirmationTest" />
                <testcase name="anAustralianComingToUKForTourism" time="1.104" classname="gov.uk.check.visa.testsuite.VisaConfirmationTest" />
                <testcase name="aColumbianNationalComingToTheUKToJoinAPartnerForALongStayTheyDoHaveAnArticle10Or20Card" time="1.553" classname="gov.uk.check.visa.testsuite.VisaConfirmationTest" />
      
</testsuite>
